{"D:\\Siam\\Code Ch\\qa-code-quiz\\src\\components\\header\\index.tsx": {"path":"D:\\Siam\\Code Ch\\qa-code-quiz\\src\\components\\header\\index.tsx","statementMap":{"0":{"start":{"line":1,"column":0},"end":{"line":1,"column":50}},"1":{"start":{"line":2,"column":0},"end":{"line":2,"column":48}},"2":{"start":{"line":3,"column":0},"end":{"line":3,"column":39}},"3":{"start":{"line":5,"column":34},"end":{"line":17,"column":2}},"4":{"start":{"line":23,"column":0},"end":{"line":40,"column":null}},"5":{"start":{"line":25,"column":26},"end":{"line":25,"column":54}},"6":{"start":{"line":26,"column":19},"end":{"line":26,"column":42}},"7":{"start":{"line":28,"column":4},"end":{"line":39,"column":null}}},"fnMap":{"0":{"name":"(anonymous_2)","decl":{"start":{"line":23,"column":15},"end":{"line":23,"column":18}},"loc":{"start":{"line":23,"column":20},"end":{"line":40,"column":1}}}},"branchMap":{"0":{"loc":{"start":{"line":33,"column":20},"end":{"line":33,"column":40}},"type":"cond-expr","locations":[{"start":{"line":33,"column":20},"end":{"line":33,"column":40}},{"start":{"line":35,"column":20},"end":{"line":35,"column":33}}]}},"s":{"0":1,"1":1,"2":1,"3":1,"4":1,"5":2,"6":2,"7":2},"f":{"0":2},"b":{"0":[1,1]}}
,"D:\\Siam\\Code Ch\\qa-code-quiz\\src\\components\\login\\index.tsx": {"path":"D:\\Siam\\Code Ch\\qa-code-quiz\\src\\components\\login\\index.tsx","statementMap":{"0":{"start":{"line":1,"column":0},"end":{"line":1,"column":66}},"1":{"start":{"line":2,"column":0},"end":{"line":2,"column":39}},"2":{"start":{"line":3,"column":0},"end":{"line":3,"column":48}},"3":{"start":{"line":5,"column":23},"end":{"line":14,"column":2}},"4":{"start":{"line":16,"column":14},"end":{"line":30,"column":2}},"5":{"start":{"line":32,"column":15},"end":{"line":51,"column":2}},"6":{"start":{"line":58,"column":0},"end":{"line":71,"column":null}},"7":{"start":{"line":60,"column":36},"end":{"line":60,"column":71}},"8":{"start":{"line":61,"column":36},"end":{"line":61,"column":71}},"9":{"start":{"line":62,"column":20},"end":{"line":62,"column":43}},"10":{"start":{"line":64,"column":4},"end":{"line":70,"column":null}},"11":{"start":{"line":66,"column":67},"end":{"line":66,"column":95}},"12":{"start":{"line":67,"column":61},"end":{"line":67,"column":89}},"13":{"start":{"line":68,"column":31},"end":{"line":68,"column":56}}},"fnMap":{"0":{"name":"(anonymous_2)","decl":{"start":{"line":58,"column":15},"end":{"line":58,"column":18}},"loc":{"start":{"line":58,"column":20},"end":{"line":71,"column":1}}},"1":{"name":"(anonymous_3)","decl":{"start":{"line":66,"column":54},"end":{"line":66,"column":55}},"loc":{"start":{"line":66,"column":65},"end":{"line":66,"column":95}}},"2":{"name":"(anonymous_4)","decl":{"start":{"line":67,"column":48},"end":{"line":67,"column":49}},"loc":{"start":{"line":67,"column":59},"end":{"line":67,"column":89}}},"3":{"name":"(anonymous_5)","decl":{"start":{"line":68,"column":25},"end":{"line":68,"column":28}},"loc":{"start":{"line":68,"column":31},"end":{"line":68,"column":56}}}},"branchMap":{},"s":{"0":1,"1":1,"2":1,"3":1,"4":1,"5":1,"6":1,"7":4,"8":4,"9":4,"10":4,"11":1,"12":1,"13":1},"f":{"0":4,"1":1,"2":1,"3":1},"b":{}}
,"D:\\Siam\\Code Ch\\qa-code-quiz\\src\\contexts\\auth.tsx": {"path":"D:\\Siam\\Code Ch\\qa-code-quiz\\src\\contexts\\auth.tsx","statementMap":{"0":{"start":{"line":1,"column":0},"end":{"line":1,"column":40}},"1":{"start":{"line":2,"column":0},"end":{"line":2,"column":50}},"2":{"start":{"line":3,"column":24},"end":{"line":3,"column":32}},"3":{"start":{"line":16,"column":20},"end":{"line":21,"column":2}},"4":{"start":{"line":18,"column":8},"end":{"line":18,"column":33}},"5":{"start":{"line":54,"column":8},"end":{"line":54,"column":19}},"6":{"start":{"line":23,"column":31},"end":{"line":52,"column":1}},"7":{"start":{"line":25,"column":28},"end":{"line":25,"column":38}},"8":{"start":{"line":27,"column":18},"end":{"line":35,"column":5}},"9":{"start":{"line":28,"column":8},"end":{"line":28,"column":null}},"10":{"start":{"line":29,"column":8},"end":{"line":34,"column":null}},"11":{"start":{"line":30,"column":12},"end":{"line":30,"column":42}},"12":{"start":{"line":31,"column":12},"end":{"line":31,"column":null}},"13":{"start":{"line":33,"column":12},"end":{"line":33,"column":50}},"14":{"start":{"line":37,"column":19},"end":{"line":39,"column":5}},"15":{"start":{"line":38,"column":8},"end":{"line":38,"column":27}},"16":{"start":{"line":41,"column":16},"end":{"line":45,"column":null}},"17":{"start":{"line":47,"column":4},"end":{"line":51,"column":null}},"18":{"start":{"line":54,"column":21},"end":{"line":54,"column":33}}},"fnMap":{"0":{"name":"(anonymous_2)","decl":{"start":{"line":17,"column":4},"end":{"line":17,"column":9}},"loc":{"start":{"line":17,"column":9},"end":{"line":19,"column":5}}},"1":{"name":"(anonymous_3)","decl":{"start":{"line":20,"column":4},"end":{"line":20,"column":10}},"loc":{"start":{"line":20,"column":10},"end":{"line":20,"column":14}}},"2":{"name":"(anonymous_4)","decl":{"start":{"line":23,"column":31},"end":{"line":23,"column":32}},"loc":{"start":{"line":23,"column":46},"end":{"line":52,"column":1}}},"3":{"name":"(anonymous_5)","decl":{"start":{"line":27,"column":18},"end":{"line":27,"column":19}},"loc":{"start":{"line":27,"column":57},"end":{"line":35,"column":5}}},"4":{"name":"(anonymous_6)","decl":{"start":{"line":37,"column":19},"end":{"line":37,"column":22}},"loc":{"start":{"line":37,"column":24},"end":{"line":39,"column":5}}}},"branchMap":{"0":{"loc":{"start":{"line":29,"column":8},"end":{"line":34,"column":null}},"type":"if","locations":[{"start":{"line":29,"column":8},"end":{"line":34,"column":null}},{"start":{"line":29,"column":8},"end":{"line":34,"column":null}}]},"1":{"loc":{"start":{"line":29,"column":11},"end":{"line":29,"column":31}},"type":"binary-expr","locations":[{"start":{"line":29,"column":11},"end":{"line":29,"column":31}},{"start":{"line":29,"column":35},"end":{"line":29,"column":77}}]}},"s":{"0":2,"1":2,"2":2,"3":2,"4":0,"5":2,"6":2,"7":5,"8":5,"9":3,"10":3,"11":2,"12":2,"13":1,"14":5,"15":0,"16":5,"17":5,"18":2},"f":{"0":0,"1":0,"2":5,"3":3,"4":0},"b":{"0":[2,1],"1":[3,3]}}
}
