TN:
SF:D:\Siam\Code Ch\qa-code-quiz\src\components\header\index.tsx
FN:23,(anonymous_2)
FNF:1
FNH:1
FNDA:2,(anonymous_2)
DA:1,1
DA:2,1
DA:3,1
DA:5,1
DA:23,1
DA:25,2
DA:26,2
DA:28,2
LF:8
LH:8
BRDA:33,0,0,1
BRDA:33,0,1,1
BRF:2
BRH:2
end_of_record
TN:
SF:D:\Siam\Code Ch\qa-code-quiz\src\components\login\index.tsx
FN:58,(anonymous_2)
FN:66,(anonymous_3)
FN:67,(anonymous_4)
FN:68,(anonymous_5)
FNF:4
FNH:4
FNDA:4,(anonymous_2)
FNDA:1,(anonymous_3)
FNDA:1,(anonymous_4)
FNDA:1,(anonymous_5)
DA:1,1
DA:2,1
DA:3,1
DA:5,1
DA:16,1
DA:32,1
DA:58,1
DA:60,4
DA:61,4
DA:62,4
DA:64,4
DA:66,1
DA:67,1
DA:68,1
LF:14
LH:14
BRF:0
BRH:0
end_of_record
TN:
SF:D:\Siam\Code Ch\qa-code-quiz\src\contexts\auth.tsx
FN:17,(anonymous_2)
FN:20,(anonymous_3)
FN:23,(anonymous_4)
FN:27,(anonymous_5)
FN:37,(anonymous_6)
FNF:5
FNH:2
FNDA:0,(anonymous_2)
FNDA:0,(anonymous_3)
FNDA:5,(anonymous_4)
FNDA:3,(anonymous_5)
FNDA:0,(anonymous_6)
DA:1,2
DA:2,2
DA:3,2
DA:16,2
DA:18,0
DA:23,2
DA:25,5
DA:27,5
DA:28,3
DA:29,3
DA:30,2
DA:31,2
DA:33,1
DA:37,5
DA:38,0
DA:41,5
DA:47,5
DA:54,2
LF:18
LH:16
BRDA:29,0,0,2
BRDA:29,0,1,1
BRDA:29,1,0,3
BRDA:29,1,1,3
BRF:4
BRH:4
end_of_record
